1735122130395:hello-world
1735122161059:help
1735126726934:register
1735217505023:help
1735217513341:register
1735217525222:make-short
1735217642849:make-short https://www.youtube.com/watch?v=Y1wXCOFeXY4 6bed3601-c34e-4b07-9c49-f8740190a0c8 3
1735218318872:help
1735218335601:register
1735218397555:make-short https://www.google.ru/?client=safari&channel=mac_bm 9247b833-623d-44fd-9bfb-7ddafb37dce4 3
1735218409374:go-to-site ab26845c
1735218526736:make-short https://www.google.ru/?client=safari&channel=mac_bm bdd98616-d48e-4417-b20e-7fd572955921 3
1735218531834:help
1735218565054:go-to-site 5162136a
1735219103989:help
1735219118338:make-short https://www.google.ru/?client=safari&channel=mac_bm
1735219132178:make-short https://www.google.ru/?client=safari&channel=mac_bm 12321 2
1735219140672:go-to-site 1570bf02
1735219196412:make-short https://www.google.ru/?client=safari&channel=mac_bm 123 2
1735219209477:help
1735219230387:go-to-site 93adb5fb
1735219315020:make-short https://www.google.ru/?client=safari&channel=mac_bm
1735219329998:make-short https://www.google.ru/?client=safari&channel=mac_bm 123 2
1735219338931:go-to-site 4a84a160
1735219927326:make-short https://www.google.ru/?client=safari&channel=mac_bm 123 3
1735219943002:go-to-site f9790511
1735222182195:help
1735222201344:make short https://www.google.ru/?client=safari&channel=mac_bm
1735222215646:make-short https://www.google.ru/?client=safari&channel=mac_bm 123 32
1735222264051:register
1735222276534:make-short https://www.google.ru/?client=safari&channel=mac_bm 01210642-d3bc-4acc-9270-57d0e4484c6e 32
1735222290424:go-to-site 21781e9f
1735222601631:register
1735222616700:make-short https://www.google.ru/?client=safari&channel=mac_bm 0b339230-82d5-40fb-98f0-5993e45015f7 22
1735222626448:go-to-site 02882b27
1735222836084:купшыеук
1735222840023:register
1735222843641:help
1735222859488:make-short https://www.google.ru/?client=safari&channel=mac_bm 3
1735222879489:make-short https://www.google.ru/?client=safari&channel=mac_bm e7fcb9da-1543-4edc-96db-0db9ea9876e7 3
1735222891750:go-to-site 4d9e727d
1735222912237:register
1735223054429:help
1735223082213:go-to-site 848a99a9
1735224778219:register
1735224781979:help
1735224821797:make-short https://www.google.ru/?client=safari&channel=mac_bm 16fa758f-e392-4a0f-876d-3bc72b014faa 500
1735224830703:go-to-site 478f4427
1735224865781:delete 16fa758f-e392-4a0f-876d-3bc72b014faa 478f4427
1735224871035:go-to-site 478f4427
1735224981665:make-short https://www.google.ru/?client=safari&channel=mac_bm 16fa758f-e392-4a0f-876d-3bc72b014faa 500
1735224986218:register
1735225002655:make-short https://www.google.ru/?client=safari&channel=mac_bm 17397ca5-000b-44df-a4c6-0bf534c8c390 500
1735225031480:delete 16fa758f-e392-4a0f-876d-3bc72b014faa a6fd17f0
1735225049798:delete 17397ca5-000b-44df-a4c6-0bf534c8c390 a6fd17f0
1735225667130:register
1735225890096:help
1735225916299:make-short https://www.google.ru/?client=safari&channel=mac_bm 34a01e 500
1735225923377:go-to-site 6e23fb1b
1735225949098:register
1735225962099:make-short https://www.google.ru/?client=safari&channel=mac_bm 5d39ae 500
1735226025365:edit 34a01e da89db25 5
1735226047994:edit 5d39ae da89db25 2
1735226059581:go-to-site da89db25
1735226087675:register
1735226096888:make-short https://www.google.ru/?client=safari&channel=mac_bm d1ec71 500
1735226193543:make-short https://dzen.ru/?yredirect=true d1ec71 500
1735226202974:go-to-site d9867313
1735226222124:make-short https://dzen.ru/?yredirect=true d1ec71 500
1735226842988:register
1735226861026:make-short https://www.google.ru/?client=safari&channel=mac_bm 04e20d 500
1735226876726:go-to-site 04e20d 791b04ff
1735227007419:register
1735227024911:make-short https://www.google.ru/?client=safari&channel=mac_bm 84eb82 2
1735227043916:go-to-site 84eb82 47366e42
1735229165624:register
1735229197217:make-short https://www.google.ru/?client=safari&channel=mac_bm 3a4213 20
1735229601496:register
1735229627749:make-short https://www.google.ru/?client=safari&channel=mac_bm 54c30e
1735229711976:register
1735229739452:make-short skdjgoigjogjrwep[fkpwgjoij 2870bc 50 2
1735229821968:register
1735229842400:make-short kdjgjenernjgeergj c0bc3c 50 2
1735229903173:register
1735229921369:make-short afhvudfnvijbvjaefnvjh 001045 50 2
1735236918761:make-short akvieanife dfjeroijv
1735236940789:register
1735236953664:make-short lwnefvjeanvhebv b5db79
1735236973702:go-to-site wjwoij 23ee0eb0
1735237825547:register
1735237835551:make-short sidjhvidhviwehvihwriv 3c935e
1735237846823:delete 3c935e 3563bfe9
1735237864396:delete 3c935e wfwef
1735237870875:delete whjwjf wijhijwh
1735239524051:help
1735308298604:register
1735308323272:shorten nfdjvndfkjvn bb794d
1735308337651:shorten nfdjvndfkjvn ba5123
1735308495572:register
1735308534402:shorten rjbvrobvmoirb 0e334c 50 2
1735308778012:купшыеук
1735308780891:register
1735308792865:shorten owkejfkerjk 00a537
1735308800288:go 00a537 f1eb16be
1735308825031:register
1735308834346:shorten sdfge 3c4862
1735308856570:go 3c4862 78044323
1735328192246:register
1735328252891:shorten 9dc06d https://www.google.ru/?client=safari&channel=mac_bm 2 23
1735328277285:shorten https://www.google.ru/?client=safari&channel=mac_bm 9dc06d 2 23
1735328293752:go 9dc06d 88946e28
1735328339194:register
1735328361956:shorten https://www.google.ru/?client=safari&channel=mac_bm fd2f63 2 2
1735328372051:go fd2f63 51a4e87b
1735328442969:register
1735328463197:shorten https://www.google.ru/?client=safari&channel=mac_bm e2bfc5 2 2
1735328474760:go e2bfc5 5b4b1970
1735328510241:edit e2bfc5 5b4b1970 5
1735328517690:go e2bfc5 5b4b1970
1735328548513:shorten https://www.google.ru/?client=safari&channel=mac_bm e2bfc5 2 2
1735328562008:delete e2bfc5 81c0a0dc
1735328571525:go e2bfc5 81c0a0dc
1735328588274:register
1735328606173:shorten https://www.google.ru/?client=safari&channel=mac_bm 8554d9 2 2
1735328613814:shorten https://www.google.ru/?client=safari&channel=mac_bm 55aab9 2 2
1735328633750:delete 8554d9 239e24d9
1735328655527:edit 8554d9 239e24d9 5
1735328684580:edit 8554d9 d12e38b5 5
1735328725046:shorten fdbvdfeb 8554d9 2 2
1735328732211:shorten ethryjtyj 8554d9 2 2
